<?xml version="1.0" encoding="UTF-8" ?>
<testsuite tests="19" failures="1" name="ts.junit.selenium.TestTravelBooking" time="10.464" errors="0" skipped="0">
  <properties>
[...]
</properties>
  <testcase classname="ts.junit.selenium.TestTravelBooking" name="test01GoToLoginPage" time="5.398"/>
  <testcase classname="ts.junit.selenium.TestTravelBooking" name="test02EnterUserNameAndPasswordAndLogin" time="0.643"/>
  <testcase classname="ts.junit.selenium.TestTravelBooking" name="test03ValidateLogin" time="0.008"/>
  <testcase classname="ts.junit.selenium.TestTravelBooking" name="test04SelectMultiwayFlyingType" time="0.61"/>
  <testcase classname="ts.junit.selenium.TestTravelBooking" name="test05SelectMultiwaySource" time="0.493"/>
  <testcase classname="ts.junit.selenium.TestTravelBooking" name="test06SelectMultiwayDestination" time="0.16"/>
  <testcase classname="ts.junit.selenium.TestTravelBooking" name="test07PickDepartureDate" time="0.266"/>
  <testcase classname="ts.junit.selenium.TestTravelBooking" name="test08PickReturnDate" time="0.526"/>
  <testcase classname="ts.junit.selenium.TestTravelBooking" name="test09Select2AdultsPremiumEconomyTicket" time="0.459"/>
  <testcase classname="ts.junit.selenium.TestTravelBooking" name="test10ClickOnSearch" time="0.048"/>
  <testcase classname="ts.junit.selenium.TestTravelBooking" name="test11VerifyFlightSearchWithDepartureAndArrivalInput" time="0.04"/>
  <testcase classname="ts.junit.selenium.TestTravelBooking" name="test12SelectOnewayFlightType" time="0.045"/>
  <testcase classname="ts.junit.selenium.TestTravelBooking" name="test13SelectOnewayDepartureLocation" time="0.151"/>
  <testcase classname="ts.junit.selenium.TestTravelBooking" name="test14SelectOnewayDestination" time="0.151"/>
  <testcase classname="ts.junit.selenium.TestTravelBooking" name="test15PickOnewayDepartureDate" time="0.203"/>
  <testcase classname="ts.junit.selenium.TestTravelBooking" name="test16SelectOneAdultWithBusinessClass" time="0.448"/>
  <testcase classname="ts.junit.selenium.TestTravelBooking" name="test17VerifyBookingFlightsForWashingtonToLondon" time="0.033"/>
  <testcase classname="ts.junit.selenium.TestTravelBooking" name="test18ClickOnthirdFlightToBook" time="0.758"/>
  <testcase classname="ts.junit.selenium.TestTravelBooking" name="test19VerifyJourneySummary" time="0.024">
    <failure message="Expected text not found expected:&lt;false&gt; but was:&lt;true&gt;" type="java.lang.AssertionError">java.lang.AssertionError: Expected text not found expected:&lt;false&gt; but was:&lt;true&gt;
	at org.junit.Assert.fail(Assert.java:89)
	at org.junit.Assert.failNotEquals(Assert.java:835)
	at org.junit.Assert.assertEquals(Assert.java:120)
	at ts.junit.selenium.TestTravelBooking.test19VerifyJourneySummary(TestTravelBooking.java:185)
	at sun.reflect.NativeMethodAccessorImpl.invoke0(Native Method)
	at sun.reflect.NativeMethodAccessorImpl.invoke(NativeMethodAccessorImpl.java:62)
	at sun.reflect.DelegatingMethodAccessorImpl.invoke(DelegatingMethodAccessorImpl.java:43)
	at java.lang.reflect.Method.invoke(Method.java:498)
	at org.junit.runners.model.FrameworkMethod$1.runReflectiveCall(FrameworkMethod.java:59)
	at org.junit.internal.runners.model.ReflectiveCallable.run(ReflectiveCallable.java:12)
	at org.junit.runners.model.FrameworkMethod.invokeExplosively(FrameworkMethod.java:56)
	at org.junit.internal.runners.statements.InvokeMethod.evaluate(InvokeMethod.java:17)
	at org.junit.runners.ParentRunner$3.evaluate(ParentRunner.java:306)
	at org.junit.runners.BlockJUnit4ClassRunner$1.evaluate(BlockJUnit4ClassRunner.java:100)
	at org.junit.runners.ParentRunner.runLeaf(ParentRunner.java:366)
	at org.junit.runners.BlockJUnit4ClassRunner.runChild(BlockJUnit4ClassRunner.java:103)
	at org.junit.runners.BlockJUnit4ClassRunner.runChild(BlockJUnit4ClassRunner.java:63)
	at org.junit.runners.ParentRunner$4.run(ParentRunner.java:331)
	at org.junit.runners.ParentRunner$1.schedule(ParentRunner.java:79)
	at org.junit.runners.ParentRunner.runChildren(ParentRunner.java:329)
	at org.junit.runners.ParentRunner.access$100(ParentRunner.java:66)
	at org.junit.runners.ParentRunner$2.evaluate(ParentRunner.java:293)
	at org.junit.internal.runners.statements.RunBefores.evaluate(RunBefores.java:26)
	at org.junit.internal.runners.statements.RunAfters.evaluate(RunAfters.java:27)
	at org.junit.runners.ParentRunner$3.evaluate(ParentRunner.java:306)
	at org.junit.runners.ParentRunner.run(ParentRunner.java:413)
	at org.apache.maven.surefire.junit4.JUnit4Provider.execute(JUnit4Provider.java:252)
	at org.apache.maven.surefire.junit4.JUnit4Provider.executeTestSet(JUnit4Provider.java:141)
	at org.apache.maven.surefire.junit4.JUnit4Provider.invoke(JUnit4Provider.java:112)
	at sun.reflect.NativeMethodAccessorImpl.invoke0(Native Method)
	at sun.reflect.NativeMethodAccessorImpl.invoke(NativeMethodAccessorImpl.java:62)
	at sun.reflect.DelegatingMethodAccessorImpl.invoke(DelegatingMethodAccessorImpl.java:43)
	at java.lang.reflect.Method.invoke(Method.java:498)
	at org.apache.maven.surefire.util.ReflectionUtils.invokeMethodWithArray(ReflectionUtils.java:189)
	at org.apache.maven.surefire.booter.ProviderFactory$ProviderProxy.invoke(ProviderFactory.java:165)
	at org.apache.maven.surefire.booter.ProviderFactory.invokeProvider(ProviderFactory.java:85)
	at org.apache.maven.surefire.booter.ForkedBooter.runSuitesInProcess(ForkedBooter.java:115)
	at org.apache.maven.surefire.booter.ForkedBooter.main(ForkedBooter.java:75)
</failure>
  </testcase>
</testsuite>